-------------------------------------------------------------------------------
Test set: com.vytrack.runners.CukesRunner
-------------------------------------------------------------------------------
Tests run: 3, Failures: 1, Errors: 0, Skipped: 0, Time elapsed: 182.011 s <<< FAILURE! - in com.vytrack.runners.CukesRunner
Sales Manager User(Account types)  Time elapsed: 60.11 s  <<< FAILURE!
java.lang.AssertionError

